Traceback (most recent call last):
  File "AutorizePro.py", line 11, in <module>
    from burp import IBurpExtender, IHttpListener, IProxyListener
ImportError: No module named burp

2023-09-06 15:42:39,427 - ERROR - Error: Connection refused
2023-09-06 15:42:39,427 - ERROR - Error: No connection could be made
2023-09-06 16:10:23,127 - ERROR - Error: Connection timeout
2023-09-06 16:10:24,127 - ERROR - Error: Rate limit exceeded
2023-10-15 11:35:22,450 - INFO - Fixed: 修复了读取响应时的字符数组转换错误
2023-10-15 11:35:22,450 - INFO - 解决方案: 简化了read_response函数，使用逐行读取方法替代批量字符数组读取
2023-10-16 09:12:45,320 - INFO - Fixed: 修复了UTF-8响应解码错误
2023-10-16 09:12:45,320 - INFO - 解决方案: 增强了read_response函数，添加多种编码尝试和二进制数据处理能力
2023-10-16 10:25:30,180 - INFO - Fixed: 优化了二进制数据处理
2023-10-16 10:25:30,180 - INFO - 解决方案: 对于无法解码的二进制数据直接放弃处理，避免不必要的解析尝试
2023-10-16 11:15:42,750 - INFO - Fixed: Fixed log encoding issues
2023-10-16 11:15:42,750 - INFO - Solution: Changed all log messages to English to avoid encoding problems
2023-10-16 14:22:35,620 - INFO - Fixed: Improved error handling for response type detection
2023-10-16 14:22:35,620 - INFO - Solution: Enhanced detect_response_type and pre_check functions with better error handling
2023-10-16 15:45:10,320 - INFO - Fixed: Added URL information to error messages
2023-10-16 15:45:10,320 - INFO - Solution: Modified pre_check function to include URL in log messages for easier troubleshooting
2023-10-16 16:30:25,180 - INFO - Fixed: Replaced f-strings with format() method
2023-10-16 16:30:25,180 - INFO - Solution: Changed Python 3.6+ f-strings to Python 2.7 compatible string formatting for Jython compatibility
2023-10-16 17:50:15,320 - INFO - Fixed: Improved log message formats
2023-10-16 17:50:15,320 - INFO - Solution: Changed error messages to informational format with clearer categories and prefixes
2023-10-16 18:30:45,220 - INFO - Fixed: Removed all code comments
2023-10-16 18:30:45,220 - INFO - Solution: Cleaned codebase by removing all comments, docstrings, and unnecessary annotations
